<?xml version="1.0" encoding="UTF-8"?>
<testng-results skipped="0" failed="0" ignored="0" total="1" passed="1">
  <reporter-output>
  </reporter-output>
  <suite name="Suite" duration-ms="11866" started-at="2021-05-29T13:26:55 IST" finished-at="2021-05-29T13:27:07 IST">
    <groups>
    </groups>
    <test name="Test" duration-ms="11866" started-at="2021-05-29T13:26:55 IST" finished-at="2021-05-29T13:27:07 IST">
      <class name="com.infi.acemoney.basics.FbLogin">
        <test-method status="PASS" signature="setup()[pri:0, instance:com.infi.acemoney.basics.FbLogin@8646db9]" name="setup" is-config="true" duration-ms="7547" started-at="2021-05-29T13:26:55 IST" finished-at="2021-05-29T13:27:03 IST">
          <reporter-output>
          </reporter-output>
        </test-method> <!-- setup -->
        <test-method status="PASS" signature="verifyTitle()[pri:0, instance:com.infi.acemoney.basics.FbLogin@8646db9]" name="verifyTitle" duration-ms="54" started-at="2021-05-29T13:27:03 IST" finished-at="2021-05-29T13:27:03 IST">
          <reporter-output>
          </reporter-output>
        </test-method> <!-- verifyTitle -->
        <test-method status="PASS" signature="tearDown()[pri:0, instance:com.infi.acemoney.basics.FbLogin@8646db9]" name="tearDown" is-config="true" duration-ms="4181" started-at="2021-05-29T13:27:03 IST" finished-at="2021-05-29T13:27:07 IST">
          <reporter-output>
          </reporter-output>
        </test-method> <!-- tearDown -->
      </class> <!-- com.infi.acemoney.basics.FbLogin -->
    </test> <!-- Test -->
  </suite> <!-- Suite -->
</testng-results>
