<?xml version="1.0" encoding="UTF-8"?>
<testng-results ignored="0" total="1" passed="1" failed="0" skipped="0">
  <reporter-output>
  </reporter-output>
  <suite started-at="2021-05-29T11:36:52 IST" name="Default suite" finished-at="2021-05-29T11:37:11 IST" duration-ms="18751">
    <groups>
    </groups>
    <test started-at="2021-05-29T11:36:52 IST" name="Default test" finished-at="2021-05-29T11:37:11 IST" duration-ms="18751">
      <class name="com.infi.acemoney.basics.FbLogin">
        <test-method is-config="true" signature="setup()[pri:0, instance:com.infi.acemoney.basics.FbLogin@2e005c4b]" started-at="2021-05-29T11:36:52 IST" name="setup" finished-at="2021-05-29T11:37:09 IST" duration-ms="17158" status="PASS">
          <reporter-output>
          </reporter-output>
        </test-method> <!-- setup -->
        <test-method signature="verifyTitle()[pri:0, instance:com.infi.acemoney.basics.FbLogin@2e005c4b]" started-at="2021-05-29T11:37:10 IST" name="verifyTitle" finished-at="2021-05-29T11:37:10 IST" duration-ms="33" status="PASS">
          <reporter-output>
          </reporter-output>
        </test-method> <!-- verifyTitle -->
        <test-method is-config="true" signature="tearDown()[pri:0, instance:com.infi.acemoney.basics.FbLogin@2e005c4b]" started-at="2021-05-29T11:37:10 IST" name="tearDown" finished-at="2021-05-29T11:37:11 IST" duration-ms="1469" status="PASS">
          <reporter-output>
          </reporter-output>
        </test-method> <!-- tearDown -->
      </class> <!-- com.infi.acemoney.basics.FbLogin -->
    </test> <!-- Default test -->
  </suite> <!-- Default suite -->
</testng-results>
